SF:lib/features/weather/data/datasources/weather_remote_source.dart
DA:13,1
DA:15,3
DA:16,3
DA:18,1
DA:21,1
DA:23,3
DA:24,3
DA:26,1
LF:8
LH:8
end_of_record
SF:lib/features/weather/data/dtos/city_location_model.dart
DA:14,14
DA:22,0
DA:24,0
DA:25,0
DA:26,0
DA:27,0
DA:28,0
DA:29,0
DA:33,0
DA:34,0
DA:35,0
DA:36,0
DA:37,0
DA:38,0
DA:39,0
DA:43,0
DA:44,0
DA:45,0
DA:46,0
DA:47,0
DA:48,0
DA:50,0
DA:54,0
DA:56,0
DA:57,0
DA:59,1
DA:66,1
DA:67,1
DA:68,1
DA:69,1
DA:70,1
DA:71,0
LF:32
LH:7
end_of_record
SF:lib/features/weather/data/dtos/forecast_model.dart
DA:14,4
DA:22,1
DA:23,1
DA:24,1
DA:25,1
DA:26,1
DA:27,5
DA:28,2
DA:32,4
DA:33,4
DA:34,4
DA:35,8
DA:36,8
DA:37,4
DA:38,16
DA:39,8
DA:43,3
DA:45,1
DA:46,2
DA:59,4
DA:70,1
DA:71,1
DA:72,1
DA:73,1
DA:74,2
DA:75,1
DA:76,1
DA:77,1
DA:78,1
DA:79,1
DA:83,4
DA:84,4
DA:85,8
DA:86,4
DA:87,8
DA:88,4
DA:89,8
DA:90,8
DA:91,8
DA:92,8
DA:96,0
DA:98,0
DA:113,4
DA:126,1
DA:127,1
DA:128,1
DA:129,2
DA:130,5
DA:131,2
DA:132,2
DA:133,1
DA:134,1
DA:135,2
DA:136,2
DA:137,2
DA:141,4
DA:142,4
DA:143,8
DA:144,8
DA:145,4
DA:146,16
DA:147,12
DA:148,12
DA:149,8
DA:150,8
DA:151,12
DA:152,12
DA:153,8
DA:157,0
DA:159,0
DA:160,0
DA:162,0
DA:163,0
DA:164,0
DA:165,0
DA:171,4
DA:175,1
DA:176,1
DA:177,1
DA:181,4
DA:182,4
DA:183,4
DA:187,0
DA:189,0
DA:195,4
DA:199,1
DA:200,1
DA:201,1
DA:205,4
DA:206,4
DA:207,4
DA:211,0
DA:213,0
LF:93
LH:80
end_of_record
SF:lib/features/weather/data/dtos/weather_model.dart
DA:22,5
DA:39,1
DA:40,1
DA:41,2
DA:42,5
DA:43,1
DA:44,2
DA:45,1
DA:46,2
DA:47,2
DA:48,2
DA:49,1
DA:50,2
DA:51,1
DA:52,1
DA:53,1
DA:54,1
DA:58,5
DA:59,5
DA:60,10
DA:61,5
DA:62,20
DA:63,5
DA:64,10
DA:65,10
DA:66,10
DA:67,15
DA:68,10
DA:69,10
DA:70,10
DA:71,10
DA:72,10
DA:73,5
DA:74,10
DA:78,3
DA:80,1
DA:81,2
DA:83,1
DA:84,5
DA:85,1
DA:86,5
DA:88,0
DA:90,0
DA:91,0
DA:92,0
DA:93,0
DA:94,0
DA:95,0
DA:96,0
DA:97,0
DA:98,0
DA:99,0
DA:100,0
DA:101,0
DA:102,0
DA:103,0
DA:104,0
DA:111,6
DA:115,1
DA:116,1
DA:117,1
DA:121,6
DA:122,6
DA:123,12
DA:127,0
DA:129,0
DA:136,6
DA:141,1
DA:142,1
DA:143,1
DA:144,1
DA:148,6
DA:149,6
DA:150,12
DA:151,12
DA:155,0
DA:157,0
DA:170,6
DA:181,1
DA:182,1
DA:183,1
DA:184,1
DA:185,1
DA:186,1
DA:187,1
DA:188,1
DA:189,1
DA:190,1
DA:194,6
DA:195,6
DA:196,12
DA:197,12
DA:198,12
DA:199,12
DA:200,12
DA:201,12
DA:202,12
DA:203,12
DA:207,0
DA:209,0
DA:215,5
DA:219,1
DA:220,1
DA:221,1
DA:225,5
DA:226,5
DA:227,5
DA:231,0
DA:233,0
DA:243,5
DA:251,1
DA:252,1
DA:253,1
DA:254,1
DA:255,1
DA:256,1
DA:257,1
DA:261,5
DA:262,5
DA:263,10
DA:264,10
DA:265,5
DA:266,10
DA:267,10
DA:271,0
DA:273,0
DA:282,6
DA:289,1
DA:290,1
DA:291,1
DA:292,1
DA:293,1
DA:294,1
DA:298,6
DA:299,6
DA:300,12
DA:301,6
DA:302,6
DA:303,6
DA:307,0
DA:309,0
DA:310,0
DA:318,6
DA:324,1
DA:325,1
DA:326,1
DA:327,1
DA:328,1
DA:332,6
DA:333,6
DA:334,12
DA:335,12
DA:336,12
DA:340,0
DA:342,0
LF:155
LH:124
end_of_record
SF:lib/core/app/app.locator.dart
DA:24,21
DA:26,0
DA:31,0
DA:35,0
DA:36,0
DA:37,0
DA:38,0
DA:40,0
DA:41,0
DA:42,0
DA:43,0
DA:44,0
DA:45,0
DA:46,0
LF:14
LH:1
end_of_record
SF:lib/core/app/app.logger.dart
DA:22,4
DA:30,2
DA:32,6
DA:33,6
DA:34,2
DA:37,4
DA:38,4
DA:40,10
DA:42,2
DA:43,2
DA:44,2
DA:46,2
DA:47,2
DA:49,4
DA:50,8
DA:52,0
DA:54,4
DA:62,2
DA:64,2
DA:65,2
DA:67,0
DA:68,0
DA:69,0
DA:70,0
DA:73,8
DA:75,6
DA:84,0
DA:86,0
DA:87,0
DA:88,0
DA:92,0
DA:94,0
DA:95,0
DA:96,0
DA:97,0
DA:98,0
DA:99,0
DA:104,0
DA:105,0
DA:106,0
DA:110,6
DA:112,2
DA:113,4
DA:115,2
DA:117,4
DA:118,4
DA:120,4
DA:123,4
DA:124,4
DA:125,4
DA:129,0
DA:133,2
DA:140,4
DA:147,4
DA:148,4
DA:155,8
DA:156,4
LF:57
LH:37
end_of_record
SF:lib/core/app/app.router.dart
DA:59,0
DA:60,0
DA:62,0
DA:63,0
DA:67,2
DA:76,0
DA:78,0
DA:81,1
DA:84,6
DA:87,0
DA:89,0
DA:94,0
DA:101,0
DA:108,0
DA:117,0
DA:118,0
DA:125,0
DA:132,0
DA:139,0
DA:148,0
DA:149,0
LF:21
LH:3
end_of_record
SF:lib/features/weather/data/datasources/weather_local_source.dart
DA:10,1
DA:11,2
DA:14,1
DA:18,1
DA:19,2
DA:23,1
DA:26,1
DA:27,2
DA:30,1
DA:34,1
DA:35,2
DA:39,1
LF:12
LH:12
end_of_record
SF:lib/features/weather/data/repositories/weather_repo.dart
DA:15,1
DA:16,2
DA:18,1
DA:20,1
DA:21,2
DA:22,3
DA:25,3
DA:27,1
DA:30,1
DA:34,1
DA:36,1
DA:37,2
DA:38,3
DA:41,3
DA:43,1
DA:46,1
LF:16
LH:16
end_of_record
SF:lib/features/weather/presentation/home_view/home_view.dart
DA:11,9
DA:13,1
DA:15,1
DA:16,3
DA:17,2
DA:18,1
DA:19,1
DA:20,1
DA:21,1
DA:23,1
DA:24,1
DA:30,2
DA:31,1
DA:32,1
DA:37,1
DA:38,1
DA:39,3
DA:45,2
DA:46,1
DA:48,1
DA:51,1
DA:56,1
DA:57,1
DA:60,1
DA:67,1
DA:68,1
DA:69,1
DA:70,1
DA:73,2
DA:75,0
DA:76,0
DA:77,1
DA:78,2
DA:79,1
DA:81,1
LF:35
LH:33
end_of_record
SF:lib/features/weather/presentation/home_view/home_viewmodel.dart
DA:18,1
DA:19,4
DA:21,1
DA:22,1
DA:23,2
DA:24,1
DA:25,1
DA:27,2
DA:28,2
DA:29,5
DA:33,1
DA:36,1
DA:38,1
DA:39,1
DA:40,5
DA:42,1
DA:44,4
DA:45,5
DA:47,1
DA:48,1
DA:49,2
DA:51,1
DA:55,1
DA:56,2
DA:58,1
LF:25
LH:25
end_of_record
SF:lib/features/weather/presentation/weather_details_view/weather_details_view.dart
DA:13,0
DA:18,0
DA:20,0
DA:21,0
DA:22,0
DA:23,0
DA:24,0
DA:25,0
DA:27,0
DA:28,0
DA:32,0
DA:33,0
DA:34,0
DA:35,0
DA:36,0
DA:38,0
DA:40,0
DA:45,0
DA:46,0
DA:51,0
DA:52,0
DA:58,0
DA:59,0
DA:61,0
DA:64,0
DA:69,0
DA:70,0
DA:73,0
DA:79,0
DA:81,0
DA:83,0
DA:88,0
DA:89,0
DA:92,0
DA:93,0
DA:94,0
DA:95,0
DA:96,0
LF:38
LH:0
end_of_record
SF:lib/features/weather/presentation/weather_details_view/weather_details_viewmodel.dart
DA:16,1
DA:17,1
DA:18,1
DA:21,1
DA:23,1
DA:24,4
DA:25,0
DA:26,0
DA:28,1
DA:32,3
LF:10
LH:8
end_of_record
SF:lib/services/api/api_service.dart
DA:16,1
DA:18,0
DA:19,0
DA:20,0
DA:21,0
DA:22,0
DA:26,0
DA:29,1
DA:38,1
DA:39,2
DA:40,1
DA:42,1
DA:49,1
DA:60,1
DA:61,2
DA:62,1
DA:65,1
DA:73,1
DA:82,1
DA:83,2
DA:84,1
DA:87,1
DA:93,1
DA:104,1
DA:105,2
DA:106,1
DA:111,1
DA:118,1
DA:122,3
DA:124,0
DA:127,1
DA:128,1
DA:129,1
DA:131,0
DA:132,0
DA:140,1
DA:141,1
DA:142,1
DA:143,1
DA:144,1
DA:145,1
DA:146,1
DA:147,1
DA:148,1
DA:149,1
DA:150,2
DA:151,1
DA:153,1
DA:154,3
DA:155,3
DA:156,2
DA:157,1
DA:158,1
DA:159,3
DA:160,3
DA:162,3
DA:163,0
DA:165,3
DA:166,3
DA:168,3
LF:60
LH:50
end_of_record
SF:lib/services/connectivity_service/connectivity_service.dart
DA:7,0
DA:8,0
DA:9,0
DA:16,0
DA:19,0
DA:20,0
DA:21,0
DA:23,0
DA:25,0
DA:26,0
DA:28,0
DA:31,0
DA:33,0
DA:34,0
DA:35,0
DA:40,0
DA:42,0
DA:43,0
DA:46,0
DA:47,0
LF:20
LH:0
end_of_record
SF:lib/services/local_storage/local_storage_service.dart
DA:13,1
DA:15,0
DA:26,0
DA:28,0
DA:29,0
DA:31,0
DA:32,0
DA:33,0
DA:34,0
DA:46,0
DA:49,0
DA:50,0
DA:51,0
DA:52,0
DA:56,0
DA:58,0
DA:59,0
DA:69,1
DA:72,2
DA:73,1
DA:75,2
DA:76,1
DA:93,1
DA:96,2
DA:97,1
DA:98,1
DA:99,0
DA:101,0
DA:102,0
DA:105,2
DA:106,1
DA:121,1
DA:128,2
DA:129,1
DA:130,3
DA:131,2
DA:133,2
DA:134,1
DA:139,1
DA:149,2
DA:150,1
DA:152,2
DA:153,1
LF:43
LH:24
end_of_record
SF:lib/core/extensions/stacktrace_extension.dart
DA:10,1
DA:11,1
DA:12,1
DA:13,5
DA:14,1
DA:15,1
DA:17,1
DA:18,1
DA:19,2
DA:20,5
DA:21,1
DA:22,1
DA:24,3
DA:25,4
DA:26,1
DA:28,3
DA:29,3
DA:31,2
LF:18
LH:18
end_of_record
SF:lib/core/extensions/string_extension.dart
DA:3,0
DA:4,0
DA:5,0
LF:3
LH:0
end_of_record
SF:lib/core/interceptors/logger_interceptor.dart
DA:9,0
DA:11,0
DA:13,0
DA:14,0
DA:15,0
DA:16,0
DA:18,0
DA:21,0
DA:23,0
DA:26,0
DA:27,0
DA:29,0
DA:32,0
DA:35,0
DA:37,0
DA:40,0
DA:41,0
DA:42,0
DA:47,0
LF:19
LH:0
end_of_record
SF:lib/core/shared/constants/app_colors.dart
DA:4,0
LF:1
LH:0
end_of_record
SF:lib/core/shared/constants/app_textstyles.dart
DA:6,0
DA:15,0
DA:20,0
LF:3
LH:0
end_of_record
SF:lib/core/shared/constants/app_theme.dart
DA:6,0
DA:8,0
DA:12,0
DA:19,0
DA:23,0
DA:24,0
DA:45,0
DA:48,0
DA:49,0
DA:50,0
DA:67,0
DA:69,0
DA:70,0
DA:73,0
DA:74,0
DA:77,0
DA:78,0
DA:81,0
DA:82,0
DA:87,0
LF:20
LH:0
end_of_record
SF:lib/core/shared/constants/spacing.dart
DA:24,8
DA:30,1
DA:32,3
DA:36,0
DA:40,0
DA:43,0
DA:46,0
DA:49,1
DA:52,0
DA:55,0
DA:58,0
DA:61,0
DA:64,0
DA:68,0
DA:71,0
DA:74,0
DA:77,1
DA:80,0
DA:83,0
DA:86,0
DA:89,0
DA:92,0
LF:22
LH:5
end_of_record
SF:lib/core/shared/models/app_exception.dart
DA:6,5
DA:12,0
DA:13,0
DA:17,1
DA:19,4
DA:21,0
DA:24,0
DA:25,0
DA:26,0
DA:27,0
DA:28,0
DA:30,0
DA:31,0
DA:35,1
DA:40,1
DA:41,1
DA:42,1
DA:43,1
DA:44,1
DA:54,2
DA:63,4
DA:72,1
DA:83,1
DA:90,0
DA:92,0
DA:98,1
DA:108,0
LF:27
LH:14
end_of_record
SF:lib/core/shared/widgets/app_button.dart
DA:18,1
DA:42,0
DA:66,1
DA:68,1
DA:69,2
DA:70,2
DA:71,1
DA:72,1
DA:73,3
DA:74,1
DA:76,1
DA:78,1
DA:79,1
DA:80,1
DA:81,1
DA:82,1
DA:83,2
DA:84,1
DA:85,0
DA:86,0
DA:91,1
DA:92,1
DA:93,1
DA:94,0
DA:95,0
DA:96,0
DA:98,0
DA:104,1
DA:106,1
DA:107,1
DA:108,1
DA:109,1
DA:110,0
DA:112,0
DA:114,1
DA:115,1
DA:116,1
DA:118,1
DA:119,1
DA:120,1
DA:121,1
DA:125,1
DA:126,0
DA:128,0
DA:143,0
DA:149,0
DA:151,0
DA:153,0
DA:154,0
LF:49
LH:33
end_of_record
SF:lib/core/shared/widgets/app_loader.dart
DA:12,16
DA:19,1
DA:21,1
DA:22,1
DA:23,2
DA:24,1
DA:25,1
DA:26,1
DA:27,1
DA:28,0
DA:29,0
DA:31,2
LF:12
LH:10
end_of_record
SF:lib/core/shared/widgets/app_textfield.dart
DA:35,1
DA:66,1
DA:68,1
DA:70,1
DA:72,1
DA:73,1
DA:74,0
DA:75,0
DA:76,0
DA:80,0
DA:81,0
DA:83,1
DA:84,1
DA:85,1
DA:86,1
DA:87,1
DA:88,1
DA:89,1
DA:90,1
DA:92,1
DA:93,1
DA:95,1
DA:96,1
DA:97,1
DA:98,1
DA:99,1
DA:100,1
DA:102,1
DA:103,2
DA:104,3
DA:106,1
DA:107,1
DA:109,1
DA:110,1
DA:113,1
DA:114,1
DA:115,1
DA:116,1
DA:117,0
DA:120,0
DA:121,0
DA:123,0
DA:128,1
DA:129,0
DA:132,0
DA:133,0
DA:135,0
DA:140,1
DA:141,1
DA:143,1
DA:146,1
DA:169,0
DA:188,0
DA:190,0
DA:192,0
DA:193,0
DA:194,0
DA:195,0
DA:196,0
DA:200,0
DA:201,0
DA:203,0
DA:204,0
DA:205,0
DA:206,0
DA:207,0
DA:208,0
DA:209,0
DA:211,0
DA:214,0
DA:216,0
DA:217,0
DA:220,0
DA:227,0
DA:229,0
DA:230,0
DA:231,0
DA:232,0
DA:235,0
DA:236,0
DA:237,0
DA:238,0
DA:239,0
DA:240,0
DA:243,0
DA:244,0
DA:246,0
DA:251,0
DA:266,0
DA:268,0
DA:270,0
DA:273,0
DA:285,0
DA:289,0
DA:290,0
DA:293,0
DA:294,0
LF:97
LH:38
end_of_record
SF:lib/core/utilities/transformer.dart
DA:20,1
DA:25,1
DA:26,2
DA:28,1
DA:29,2
DA:30,0
DA:31,0
LF:7
LH:5
end_of_record
SF:lib/features/weather/presentation/widgets/city_item_card.dart
DA:10,1
DA:16,1
DA:18,1
DA:19,0
DA:20,1
DA:22,1
DA:23,1
DA:25,1
DA:26,1
DA:27,1
DA:29,1
DA:30,1
DA:31,1
DA:32,1
DA:33,1
DA:34,1
DA:35,2
DA:39,1
DA:40,1
DA:41,5
DA:46,1
DA:47,1
DA:48,1
DA:49,1
DA:50,3
DA:54,1
DA:55,1
DA:56,3
DA:65,1
DA:67,1
DA:68,1
DA:69,1
DA:70,1
DA:71,5
DA:75,1
DA:76,1
DA:77,1
DA:78,5
LF:38
LH:37
end_of_record
SF:lib/features/weather/presentation/widgets/forecast_item_card.dart
DA:10,0
DA:15,0
DA:17,0
DA:19,0
DA:20,0
DA:22,0
DA:23,0
DA:24,0
DA:26,0
DA:27,0
DA:28,0
DA:29,0
DA:30,0
DA:31,0
DA:32,0
DA:33,0
DA:38,0
DA:39,0
DA:40,0
DA:45,0
DA:46,0
DA:48,0
DA:49,0
DA:50,0
DA:59,0
DA:61,0
DA:62,0
DA:63,0
DA:64,0
DA:65,0
DA:69,0
DA:70,0
DA:71,0
DA:72,0
LF:34
LH:0
end_of_record
