SF:lib/features/weather/data/datasources/weather_remote_source.dart
DA:12,1
DA:14,3
DA:15,3
DA:17,1
DA:20,1
DA:22,3
DA:23,3
DA:25,1
LF:8
LH:8
end_of_record
SF:lib/features/weather/data/dtos/city_location_model.dart
DA:12,17
DA:20,0
DA:22,0
DA:23,0
DA:24,0
DA:25,0
DA:26,0
DA:27,0
DA:31,1
DA:38,1
DA:39,1
DA:40,1
DA:41,1
DA:42,1
DA:43,0
LF:15
LH:7
end_of_record
SF:lib/features/weather/data/dtos/forecast_model.dart
DA:14,5
DA:22,1
DA:23,1
DA:24,1
DA:25,1
DA:26,1
DA:27,5
DA:28,2
DA:32,5
DA:33,5
DA:34,5
DA:35,10
DA:36,10
DA:37,5
DA:38,20
DA:39,10
DA:43,3
DA:45,1
DA:46,2
DA:59,5
DA:70,1
DA:71,1
DA:72,1
DA:73,1
DA:74,2
DA:75,1
DA:76,1
DA:77,1
DA:78,1
DA:79,1
DA:83,5
DA:84,5
DA:85,10
DA:86,5
DA:87,10
DA:88,5
DA:89,10
DA:90,10
DA:91,10
DA:92,10
DA:96,0
DA:98,0
DA:113,5
DA:126,1
DA:127,1
DA:128,1
DA:129,2
DA:130,5
DA:131,2
DA:132,2
DA:133,1
DA:134,1
DA:135,2
DA:136,2
DA:137,2
DA:141,5
DA:142,5
DA:143,10
DA:144,10
DA:145,5
DA:146,20
DA:147,15
DA:148,15
DA:149,10
DA:150,10
DA:151,15
DA:152,15
DA:153,10
DA:157,0
DA:159,0
DA:160,0
DA:162,2
DA:163,4
DA:164,1
DA:165,5
DA:171,5
DA:175,1
DA:176,1
DA:177,1
DA:181,5
DA:182,5
DA:183,5
DA:187,0
DA:189,0
DA:195,5
DA:199,1
DA:200,1
DA:201,1
DA:205,5
DA:206,5
DA:207,5
DA:211,0
DA:213,0
LF:93
LH:84
end_of_record
SF:lib/features/weather/data/dtos/weather_model.dart
DA:22,6
DA:39,1
DA:40,1
DA:41,2
DA:42,5
DA:43,1
DA:44,2
DA:45,1
DA:46,2
DA:47,2
DA:48,2
DA:49,1
DA:50,2
DA:51,1
DA:52,1
DA:53,1
DA:54,1
DA:58,6
DA:59,6
DA:60,12
DA:61,6
DA:62,24
DA:63,6
DA:64,12
DA:65,12
DA:66,12
DA:67,18
DA:68,12
DA:69,12
DA:70,12
DA:71,12
DA:72,12
DA:73,6
DA:74,12
DA:78,3
DA:80,1
DA:81,2
DA:83,2
DA:84,10
DA:85,2
DA:86,10
DA:88,0
DA:90,0
DA:91,0
DA:92,0
DA:93,0
DA:94,0
DA:95,0
DA:96,0
DA:97,0
DA:98,0
DA:99,0
DA:100,0
DA:101,0
DA:102,0
DA:103,0
DA:104,0
DA:111,7
DA:115,1
DA:116,1
DA:117,1
DA:121,7
DA:122,7
DA:123,14
DA:127,0
DA:129,0
DA:136,7
DA:141,1
DA:142,1
DA:143,1
DA:144,1
DA:148,7
DA:149,7
DA:150,14
DA:151,14
DA:155,0
DA:157,0
DA:170,7
DA:181,1
DA:182,1
DA:183,1
DA:184,1
DA:185,1
DA:186,1
DA:187,1
DA:188,1
DA:189,1
DA:190,1
DA:194,7
DA:195,7
DA:196,14
DA:197,14
DA:198,14
DA:199,14
DA:200,14
DA:201,14
DA:202,14
DA:203,14
DA:207,0
DA:209,0
DA:215,6
DA:219,1
DA:220,1
DA:221,1
DA:225,6
DA:226,6
DA:227,6
DA:231,0
DA:233,0
DA:243,6
DA:251,1
DA:252,1
DA:253,1
DA:254,1
DA:255,1
DA:256,1
DA:257,1
DA:261,6
DA:262,6
DA:263,12
DA:264,12
DA:265,6
DA:266,12
DA:267,12
DA:271,0
DA:273,0
DA:282,7
DA:289,1
DA:290,1
DA:291,1
DA:292,1
DA:293,1
DA:294,1
DA:298,7
DA:299,7
DA:300,14
DA:301,7
DA:302,7
DA:303,7
DA:307,0
DA:309,0
DA:310,0
DA:318,7
DA:324,1
DA:325,1
DA:326,1
DA:327,1
DA:328,1
DA:332,7
DA:333,7
DA:334,14
DA:335,14
DA:336,14
DA:340,0
DA:342,0
LF:155
LH:124
end_of_record
SF:lib/core/app/app.locator.dart
DA:24,24
DA:26,0
DA:31,0
DA:35,0
DA:36,0
DA:37,0
DA:38,0
DA:40,0
DA:41,0
DA:42,0
DA:43,0
DA:44,0
DA:45,0
DA:46,0
LF:14
LH:1
end_of_record
SF:lib/core/app/app.logger.dart
DA:22,4
DA:30,2
DA:32,6
DA:33,6
DA:34,2
DA:37,4
DA:38,4
DA:40,10
DA:42,2
DA:43,2
DA:44,2
DA:46,2
DA:47,2
DA:49,4
DA:50,8
DA:52,0
DA:54,4
DA:62,2
DA:64,2
DA:65,2
DA:67,0
DA:68,0
DA:69,0
DA:70,0
DA:73,8
DA:75,6
DA:84,0
DA:86,0
DA:87,0
DA:88,0
DA:92,0
DA:94,0
DA:95,0
DA:96,0
DA:97,0
DA:98,0
DA:99,0
DA:104,0
DA:105,0
DA:106,0
DA:110,6
DA:112,2
DA:113,4
DA:115,2
DA:117,4
DA:118,4
DA:120,4
DA:123,4
DA:124,4
DA:125,4
DA:129,0
DA:133,2
DA:140,4
DA:147,4
DA:148,4
DA:155,8
DA:156,4
LF:57
LH:37
end_of_record
SF:lib/core/app/app.router.dart
DA:59,0
DA:60,0
DA:62,0
DA:63,0
DA:67,2
DA:76,0
DA:78,0
DA:81,1
DA:84,6
DA:87,0
DA:89,0
DA:94,0
DA:101,0
DA:108,0
DA:117,0
DA:118,0
DA:125,0
DA:132,0
DA:139,0
DA:148,0
DA:149,0
LF:21
LH:3
end_of_record
SF:lib/features/weather/data/datasources/weather_local_source.dart
DA:10,1
DA:11,2
DA:14,1
DA:18,1
DA:19,2
DA:23,1
DA:26,1
DA:27,2
DA:30,1
DA:34,1
DA:35,2
DA:39,1
LF:12
LH:12
end_of_record
SF:lib/features/weather/data/repositories/weather_repo.dart
DA:15,1
DA:16,2
DA:18,1
DA:20,1
DA:21,2
DA:22,3
DA:25,3
DA:27,1
DA:30,1
DA:34,1
DA:36,1
DA:37,2
DA:38,3
DA:41,3
DA:43,1
DA:46,1
LF:16
LH:16
end_of_record
SF:lib/features/weather/presentation/home_view/home_view.dart
DA:11,11
DA:13,1
DA:15,1
DA:16,3
DA:17,2
DA:18,1
DA:19,1
DA:20,1
DA:21,1
DA:23,1
DA:24,1
DA:30,2
DA:31,1
DA:32,1
DA:37,1
DA:38,1
DA:39,3
DA:45,2
DA:46,1
DA:48,1
DA:51,1
DA:56,1
DA:57,1
DA:60,1
DA:67,1
DA:68,1
DA:69,1
DA:70,1
DA:73,2
DA:75,0
DA:76,0
DA:77,1
DA:78,2
DA:79,1
DA:81,1
LF:35
LH:33
end_of_record
SF:lib/features/weather/presentation/home_view/home_viewmodel.dart
DA:18,1
DA:19,4
DA:21,1
DA:22,1
DA:23,2
DA:24,1
DA:25,1
DA:27,2
DA:28,2
DA:29,5
DA:33,1
DA:36,1
DA:38,1
DA:39,1
DA:40,5
DA:42,1
DA:44,4
DA:45,5
DA:47,1
DA:48,1
DA:49,2
DA:51,1
DA:55,1
DA:56,2
DA:58,1
LF:25
LH:25
end_of_record
SF:lib/features/weather/presentation/weather_details_view/weather_details_view.dart
DA:14,1
DA:19,1
DA:21,1
DA:22,3
DA:23,3
DA:24,1
DA:25,1
DA:26,1
DA:28,1
DA:29,2
DA:33,1
DA:34,1
DA:35,1
DA:36,1
DA:37,1
DA:39,1
DA:41,1
DA:46,1
DA:47,2
DA:52,2
DA:53,3
DA:59,2
DA:60,1
DA:62,1
DA:65,1
DA:70,1
DA:71,1
DA:74,1
DA:80,1
DA:82,1
DA:84,1
DA:89,1
DA:90,1
DA:93,2
DA:94,0
DA:95,1
DA:96,2
DA:97,1
LF:38
LH:37
end_of_record
SF:lib/features/weather/presentation/weather_details_view/weather_details_viewmodel.dart
DA:16,1
DA:17,1
DA:18,1
DA:21,1
DA:23,1
DA:24,4
DA:25,0
DA:26,0
DA:28,1
DA:32,3
LF:10
LH:8
end_of_record
SF:lib/services/api/api_service.dart
DA:16,1
DA:18,0
DA:19,0
DA:20,0
DA:21,0
DA:22,0
DA:26,0
DA:29,1
DA:38,1
DA:39,2
DA:40,1
DA:42,1
DA:49,1
DA:60,1
DA:61,2
DA:62,1
DA:65,1
DA:73,1
DA:82,1
DA:83,2
DA:84,1
DA:87,1
DA:93,1
DA:104,1
DA:105,2
DA:106,1
DA:111,1
DA:118,1
DA:122,3
DA:124,0
DA:127,1
DA:128,1
DA:129,1
DA:131,0
DA:132,0
DA:140,1
DA:141,1
DA:142,1
DA:143,1
DA:144,1
DA:145,1
DA:146,1
DA:147,1
DA:148,1
DA:149,1
DA:150,2
DA:151,1
DA:153,1
DA:154,3
DA:155,3
DA:156,2
DA:157,1
DA:158,1
DA:159,3
DA:160,3
DA:162,3
DA:163,0
DA:165,3
DA:166,3
DA:168,3
LF:60
LH:50
end_of_record
SF:lib/services/connectivity_service/connectivity_service.dart
DA:9,1
DA:10,0
DA:12,1
DA:13,1
DA:14,1
DA:15,1
DA:18,1
DA:21,2
DA:22,1
DA:23,1
DA:24,1
DA:28,1
DA:30,4
LF:13
LH:12
end_of_record
SF:lib/services/local_storage/local_storage_service.dart
DA:13,1
DA:15,0
DA:26,0
DA:28,0
DA:29,0
DA:31,0
DA:32,0
DA:33,0
DA:34,0
DA:46,1
DA:49,2
DA:50,1
DA:51,0
DA:52,0
DA:56,3
DA:58,0
DA:59,0
DA:69,1
DA:72,2
DA:73,1
DA:75,2
DA:76,1
DA:93,1
DA:96,2
DA:97,1
DA:98,1
DA:99,3
DA:101,1
DA:102,1
DA:105,2
DA:106,1
DA:121,1
DA:128,2
DA:129,1
DA:130,3
DA:131,2
DA:133,2
DA:134,1
DA:139,1
DA:149,2
DA:150,1
DA:152,2
DA:153,1
LF:43
LH:31
end_of_record
SF:lib/core/extensions/stacktrace_extension.dart
DA:10,1
DA:11,1
DA:12,1
DA:13,5
DA:14,1
DA:15,1
DA:17,1
DA:18,1
DA:19,2
DA:20,5
DA:21,1
DA:22,1
DA:24,3
DA:25,4
DA:26,1
DA:28,3
DA:29,3
DA:31,2
LF:18
LH:18
end_of_record
SF:lib/core/extensions/string_extension.dart
DA:3,1
DA:4,1
DA:5,4
LF:3
LH:3
end_of_record
SF:lib/core/interceptors/logger_interceptor.dart
DA:9,0
DA:11,0
DA:13,0
DA:14,0
DA:15,0
DA:16,0
DA:18,0
DA:21,0
DA:23,0
DA:26,0
DA:27,0
DA:29,0
DA:32,0
DA:35,0
DA:37,0
DA:40,0
DA:41,0
DA:42,0
DA:47,0
LF:19
LH:0
end_of_record
SF:lib/core/shared/constants/app_colors.dart
DA:4,0
LF:1
LH:0
end_of_record
SF:lib/core/shared/constants/app_keys.dart
DA:2,0
LF:1
LH:0
end_of_record
SF:lib/core/shared/constants/app_textstyles.dart
DA:6,0
DA:15,0
DA:20,0
LF:3
LH:0
end_of_record
SF:lib/core/shared/constants/app_theme.dart
DA:6,0
DA:8,0
DA:12,0
DA:19,0
DA:23,0
DA:24,0
DA:45,0
DA:48,0
DA:49,0
DA:50,0
DA:67,0
DA:69,0
DA:70,0
DA:73,0
DA:74,0
DA:77,0
DA:78,0
DA:81,0
DA:82,0
DA:87,0
LF:20
LH:0
end_of_record
SF:lib/core/shared/constants/spacing.dart
DA:24,10
DA:30,2
DA:32,6
DA:36,0
DA:40,0
DA:43,0
DA:46,0
DA:49,2
DA:52,0
DA:55,0
DA:58,0
DA:61,0
DA:64,0
DA:68,0
DA:71,0
DA:74,1
DA:77,2
DA:80,0
DA:83,0
DA:86,0
DA:89,0
DA:92,0
LF:22
LH:6
end_of_record
SF:lib/core/shared/models/app_exception.dart
DA:6,6
DA:12,1
DA:14,4
DA:16,0
DA:19,0
DA:20,0
DA:21,0
DA:22,0
DA:23,0
DA:25,0
DA:26,0
DA:30,1
DA:35,1
DA:36,1
DA:37,1
DA:38,1
DA:39,1
DA:49,2
DA:58,5
DA:67,1
DA:78,1
DA:85,0
DA:87,0
DA:93,1
DA:103,0
LF:25
LH:14
end_of_record
SF:lib/core/shared/widgets/app_button.dart
DA:18,2
DA:42,0
DA:66,2
DA:68,2
DA:69,4
DA:70,4
DA:71,2
DA:72,10
DA:73,6
DA:74,2
DA:76,2
DA:78,2
DA:79,2
DA:80,2
DA:81,2
DA:82,2
DA:83,4
DA:84,2
DA:85,0
DA:86,0
DA:91,2
DA:92,2
DA:93,2
DA:94,0
DA:95,0
DA:96,0
DA:98,0
DA:104,2
DA:106,2
DA:107,2
DA:108,2
DA:109,2
DA:110,0
DA:112,0
DA:114,2
DA:115,2
DA:116,2
DA:118,2
DA:119,2
DA:120,2
DA:121,2
DA:125,2
DA:126,0
DA:128,0
DA:143,0
DA:149,0
DA:151,0
DA:153,0
DA:154,0
LF:49
LH:33
end_of_record
SF:lib/core/shared/widgets/app_loader.dart
DA:12,20
DA:19,2
DA:21,2
DA:22,2
DA:23,4
DA:24,2
DA:25,2
DA:26,2
DA:27,2
DA:28,0
DA:29,0
DA:31,4
LF:12
LH:10
end_of_record
SF:lib/core/shared/widgets/app_textfield.dart
DA:35,1
DA:66,1
DA:68,1
DA:70,1
DA:72,1
DA:73,1
DA:74,0
DA:75,0
DA:76,0
DA:80,0
DA:81,0
DA:83,1
DA:84,1
DA:85,1
DA:86,1
DA:87,1
DA:88,1
DA:89,1
DA:90,1
DA:92,1
DA:93,1
DA:95,1
DA:96,1
DA:97,1
DA:98,1
DA:99,1
DA:100,1
DA:102,1
DA:103,2
DA:104,3
DA:106,1
DA:107,1
DA:109,1
DA:110,1
DA:113,1
DA:114,1
DA:115,1
DA:116,1
DA:117,0
DA:120,0
DA:121,0
DA:123,0
DA:128,1
DA:129,0
DA:132,0
DA:133,0
DA:135,0
DA:140,1
DA:141,1
DA:143,1
DA:146,1
DA:169,0
DA:188,0
DA:190,0
DA:192,0
DA:193,0
DA:194,0
DA:195,0
DA:196,0
DA:200,0
DA:201,0
DA:203,0
DA:204,0
DA:205,0
DA:206,0
DA:207,0
DA:208,0
DA:209,0
DA:211,0
DA:214,0
DA:216,0
DA:217,0
DA:220,0
DA:227,0
DA:229,0
DA:230,0
DA:231,0
DA:232,0
DA:235,0
DA:236,0
DA:237,0
DA:238,0
DA:239,0
DA:240,0
DA:243,0
DA:244,0
DA:246,0
DA:251,0
DA:266,0
DA:268,0
DA:270,0
DA:273,0
DA:285,0
DA:289,0
DA:290,0
DA:293,0
DA:294,0
LF:97
LH:38
end_of_record
SF:lib/core/utilities/transformer.dart
DA:20,1
DA:25,1
DA:26,2
DA:28,1
DA:29,2
DA:30,0
DA:31,0
LF:7
LH:5
end_of_record
SF:lib/features/weather/presentation/widgets/city_item_card.dart
DA:10,2
DA:16,2
DA:18,2
DA:19,0
DA:20,2
DA:22,2
DA:23,2
DA:25,2
DA:26,2
DA:27,2
DA:29,2
DA:30,2
DA:31,2
DA:32,2
DA:33,2
DA:34,2
DA:35,4
DA:39,2
DA:40,2
DA:41,10
DA:46,2
DA:47,2
DA:48,2
DA:49,2
DA:50,6
DA:54,2
DA:55,2
DA:56,6
DA:65,2
DA:67,2
DA:68,2
DA:69,2
DA:70,2
DA:71,10
DA:75,2
DA:76,2
DA:77,2
DA:78,10
LF:38
LH:37
end_of_record
SF:lib/features/weather/presentation/widgets/forecast_item_card.dart
DA:10,1
DA:15,1
DA:17,1
DA:19,1
DA:20,1
DA:22,1
DA:23,1
DA:24,1
DA:26,1
DA:27,1
DA:28,1
DA:29,1
DA:30,1
DA:31,1
DA:32,4
DA:33,1
DA:38,1
DA:39,1
DA:40,3
DA:45,1
DA:46,1
DA:48,1
DA:49,1
DA:50,2
DA:59,1
DA:61,1
DA:62,1
DA:63,1
DA:64,1
DA:65,4
DA:69,1
DA:70,1
DA:71,1
DA:72,4
LF:34
LH:34
end_of_record
